{"C:\\Users\\admin\\Documents\\GitHub\\Brainhub--event-form\\server.js": {"path":"C:\\Users\\admin\\Documents\\GitHub\\Brainhub--event-form\\server.js","statementMap":{"0":{"start":{"line":11,"column":12},"end":{"line":11,"column":21}},"1":{"start":{"line":13,"column":0},"end":{"line":13,"column":27}},"2":{"start":{"line":14,"column":0},"end":{"line":16,"column":4}},"3":{"start":{"line":18,"column":0},"end":{"line":21,"column":38}},"4":{"start":{"line":20,"column":16},"end":{"line":20,"column":48}},"5":{"start":{"line":21,"column":20},"end":{"line":21,"column":36}},"6":{"start":{"line":23,"column":0},"end":{"line":23,"column":25}},"7":{"start":{"line":25,"column":0},"end":{"line":31,"column":1}},"8":{"start":{"line":26,"column":2},"end":{"line":26,"column":42}},"9":{"start":{"line":28,"column":2},"end":{"line":30,"column":5}},"10":{"start":{"line":29,"column":4},"end":{"line":29,"column":75}},"11":{"start":{"line":33,"column":13},"end":{"line":33,"column":37}},"12":{"start":{"line":35,"column":15},"end":{"line":35,"column":31}}},"fnMap":{"0":{"name":"(anonymous_0)","decl":{"start":{"line":20,"column":10},"end":{"line":20,"column":11}},"loc":{"start":{"line":20,"column":16},"end":{"line":20,"column":48}},"line":20},"1":{"name":"(anonymous_1)","decl":{"start":{"line":21,"column":11},"end":{"line":21,"column":12}},"loc":{"start":{"line":21,"column":20},"end":{"line":21,"column":36}},"line":21},"2":{"name":"(anonymous_2)","decl":{"start":{"line":28,"column":15},"end":{"line":28,"column":16}},"loc":{"start":{"line":28,"column":29},"end":{"line":30,"column":3}},"line":28}},"branchMap":{"0":{"loc":{"start":{"line":25,"column":0},"end":{"line":31,"column":1}},"type":"if","locations":[{"start":{"line":25,"column":0},"end":{"line":31,"column":1}},{"start":{},"end":{}}],"line":25},"1":{"loc":{"start":{"line":33,"column":13},"end":{"line":33,"column":37}},"type":"binary-expr","locations":[{"start":{"line":33,"column":13},"end":{"line":33,"column":29}},{"start":{"line":33,"column":33},"end":{"line":33,"column":37}}],"line":33}},"s":{"0":1,"1":1,"2":1,"3":1,"4":1,"5":0,"6":1,"7":1,"8":0,"9":0,"10":0,"11":1,"12":1},"f":{"0":1,"1":0,"2":0},"b":{"0":[0,1],"1":[1,1]},"_coverageSchema":"1a1c01bbd47fc00a2c39e90264f33305004495a9","hash":"d1badc87879e03889f5dea0c0d5a461fad5df51d"}
,"C:\\Users\\admin\\Documents\\GitHub\\Brainhub--event-form\\config\\keys.js": {"path":"C:\\Users\\admin\\Documents\\GitHub\\Brainhub--event-form\\config\\keys.js","statementMap":{"0":{"start":{"line":2,"column":2},"end":{"line":6,"column":68}}},"fnMap":{},"branchMap":{},"s":{"0":1},"f":{},"b":{},"_coverageSchema":"1a1c01bbd47fc00a2c39e90264f33305004495a9","hash":"f453f6872ea414106b96de945c870be24ef53d0f"}
,"C:\\Users\\admin\\Documents\\GitHub\\Brainhub--event-form\\middleware\\EventFormMailer.js": {"path":"C:\\Users\\admin\\Documents\\GitHub\\Brainhub--event-form\\middleware\\EventFormMailer.js","statementMap":{"0":{"start":{"line":4,"column":0},"end":{"line":4,"column":16}},"1":{"start":{"line":11,"column":2},"end":{"line":65,"column":3}},"2":{"start":{"line":12,"column":24},"end":{"line":18,"column":6}},"3":{"start":{"line":20,"column":19},"end":{"line":26,"column":5}},"4":{"start":{"line":28,"column":20},"end":{"line":34,"column":5}},"5":{"start":{"line":36,"column":21},"end":{"line":36,"column":51}},"6":{"start":{"line":37,"column":24},"end":{"line":55,"column":5}},"7":{"start":{"line":56,"column":17},"end":{"line":61,"column":6}},"8":{"start":{"line":57,"column":6},"end":{"line":60,"column":25}},"9":{"start":{"line":58,"column":8},"end":{"line":58,"column":27}},"10":{"start":{"line":59,"column":8},"end":{"line":59,"column":21}},"11":{"start":{"line":60,"column":13},"end":{"line":60,"column":25}},"12":{"start":{"line":62,"column":4},"end":{"line":62,"column":16}},"13":{"start":{"line":64,"column":4},"end":{"line":64,"column":15}}},"fnMap":{"0":{"name":"EventFormMailer","decl":{"start":{"line":10,"column":15},"end":{"line":10,"column":30}},"loc":{"start":{"line":10,"column":37},"end":{"line":66,"column":1}},"line":10},"1":{"name":"(anonymous_1)","decl":{"start":{"line":56,"column":51},"end":{"line":56,"column":52}},"loc":{"start":{"line":56,"column":62},"end":{"line":61,"column":5}},"line":56}},"branchMap":{"0":{"loc":{"start":{"line":47,"column":20},"end":{"line":49,"column":45}},"type":"cond-expr","locations":[{"start":{"line":48,"column":10},"end":{"line":48,"column":12}},{"start":{"line":49,"column":10},"end":{"line":49,"column":45}}],"line":47},"1":{"loc":{"start":{"line":57,"column":6},"end":{"line":60,"column":25}},"type":"if","locations":[{"start":{"line":57,"column":6},"end":{"line":60,"column":25}},{"start":{"line":60,"column":13},"end":{"line":60,"column":25}}],"line":57}},"s":{"0":1,"1":1,"2":1,"3":1,"4":1,"5":1,"6":1,"7":0,"8":0,"9":0,"10":0,"11":0,"12":0,"13":1},"f":{"0":1,"1":0},"b":{"0":[0,0],"1":[0,0]},"_coverageSchema":"1a1c01bbd47fc00a2c39e90264f33305004495a9","hash":"a0c8ce936e2e2bfb9860ebac88b58adfa137a705"}
,"C:\\Users\\admin\\Documents\\GitHub\\Brainhub--event-form\\models\\Events.js": {"path":"C:\\Users\\admin\\Documents\\GitHub\\Brainhub--event-form\\models\\Events.js","statementMap":{"0":{"start":{"line":3,"column":21},"end":{"line":23,"column":2}}},"fnMap":{},"branchMap":{},"s":{"0":1},"f":{},"b":{},"_coverageSchema":"1a1c01bbd47fc00a2c39e90264f33305004495a9","hash":"d2b0900f7c123f53829c3e6372b8083f2066903b"}
,"C:\\Users\\admin\\Documents\\GitHub\\Brainhub--event-form\\routes\\forms.js": {"path":"C:\\Users\\admin\\Documents\\GitHub\\Brainhub--event-form\\routes\\forms.js","statementMap":{"0":{"start":{"line":9,"column":15},"end":{"line":9,"column":27}},"1":{"start":{"line":10,"column":0},"end":{"line":53,"column":2}},"2":{"start":{"line":19,"column":21},"end":{"line":19,"column":42}},"3":{"start":{"line":21,"column":6},"end":{"line":25,"column":7}},"4":{"start":{"line":22,"column":8},"end":{"line":24,"column":11}},"5":{"start":{"line":33,"column":10},"end":{"line":33,"column":18}},"6":{"start":{"line":35,"column":23},"end":{"line":41,"column":8}},"7":{"start":{"line":42,"column":6},"end":{"line":51,"column":7}},"8":{"start":{"line":43,"column":25},"end":{"line":43,"column":49}},"9":{"start":{"line":44,"column":8},"end":{"line":46,"column":11}},"10":{"start":{"line":45,"column":10},"end":{"line":45,"column":23}},"11":{"start":{"line":47,"column":8},"end":{"line":47,"column":30}},"12":{"start":{"line":48,"column":8},"end":{"line":48,"column":50}},"13":{"start":{"line":50,"column":8},"end":{"line":50,"column":53}},"14":{"start":{"line":55,"column":0},"end":{"line":66,"column":3}},"15":{"start":{"line":56,"column":2},"end":{"line":65,"column":3}},"16":{"start":{"line":57,"column":19},"end":{"line":57,"column":38}},"17":{"start":{"line":59,"column":4},"end":{"line":59,"column":70}},"18":{"start":{"line":59,"column":17},"end":{"line":59,"column":70}},"19":{"start":{"line":61,"column":4},"end":{"line":61,"column":21}},"20":{"start":{"line":63,"column":4},"end":{"line":63,"column":31}},"21":{"start":{"line":64,"column":4},"end":{"line":64,"column":41}},"22":{"start":{"line":68,"column":0},"end":{"line":78,"column":3}},"23":{"start":{"line":69,"column":2},"end":{"line":77,"column":3}},"24":{"start":{"line":70,"column":4},"end":{"line":72,"column":7}},"25":{"start":{"line":73,"column":4},"end":{"line":73,"column":31}},"26":{"start":{"line":75,"column":4},"end":{"line":75,"column":31}},"27":{"start":{"line":76,"column":4},"end":{"line":76,"column":41}}},"fnMap":{"0":{"name":"(anonymous_0)","decl":{"start":{"line":18,"column":4},"end":{"line":18,"column":5}},"loc":{"start":{"line":18,"column":24},"end":{"line":52,"column":5}},"line":18},"1":{"name":"(anonymous_1)","decl":{"start":{"line":44,"column":28},"end":{"line":44,"column":29}},"loc":{"start":{"line":44,"column":39},"end":{"line":46,"column":9}},"line":44},"2":{"name":"(anonymous_2)","decl":{"start":{"line":55,"column":23},"end":{"line":55,"column":24}},"loc":{"start":{"line":55,"column":43},"end":{"line":66,"column":1}},"line":55},"3":{"name":"(anonymous_3)","decl":{"start":{"line":68,"column":31},"end":{"line":68,"column":32}},"loc":{"start":{"line":68,"column":51},"end":{"line":78,"column":1}},"line":68}},"branchMap":{"0":{"loc":{"start":{"line":21,"column":6},"end":{"line":25,"column":7}},"type":"if","locations":[{"start":{"line":21,"column":6},"end":{"line":25,"column":7}},{"start":{},"end":{}}],"line":21},"1":{"loc":{"start":{"line":59,"column":4},"end":{"line":59,"column":70}},"type":"if","locations":[{"start":{"line":59,"column":4},"end":{"line":59,"column":70}},{"start":{},"end":{}}],"line":59}},"s":{"0":1,"1":1,"2":1,"3":1,"4":0,"5":1,"6":1,"7":1,"8":1,"9":1,"10":1,"11":1,"12":1,"13":0,"14":1,"15":1,"16":1,"17":1,"18":0,"19":1,"20":0,"21":0,"22":1,"23":1,"24":1,"25":1,"26":0,"27":0},"f":{"0":1,"1":1,"2":1,"3":1},"b":{"0":[0,1],"1":[0,1]},"_coverageSchema":"1a1c01bbd47fc00a2c39e90264f33305004495a9","hash":"105afd8d796824873c431d2ee1596481d7dfef81"}
}
