TN:
SF:server.js
FN:20,(anonymous_0)
FN:21,(anonymous_1)
FN:28,(anonymous_2)
FNF:3
FNH:1
FNDA:1,(anonymous_0)
FNDA:0,(anonymous_1)
FNDA:0,(anonymous_2)
DA:11,1
DA:13,1
DA:14,1
DA:18,1
DA:20,1
DA:21,0
DA:23,1
DA:25,1
DA:26,0
DA:28,0
DA:29,0
DA:33,1
DA:35,1
LF:13
LH:9
BRDA:25,0,0,0
BRDA:25,0,1,1
BRDA:33,1,0,1
BRDA:33,1,1,1
BRF:4
BRH:3
end_of_record
TN:
SF:config\keys.js
FNF:0
FNH:0
DA:2,1
LF:1
LH:1
BRF:0
BRH:0
end_of_record
TN:
SF:middleware\EventFormMailer.js
FN:10,EventFormMailer
FN:56,(anonymous_1)
FNF:2
FNH:1
FNDA:1,EventFormMailer
FNDA:0,(anonymous_1)
DA:4,1
DA:11,1
DA:12,1
DA:20,1
DA:28,1
DA:36,1
DA:37,1
DA:56,0
DA:57,0
DA:58,0
DA:59,0
DA:60,0
DA:62,0
DA:64,1
LF:14
LH:8
BRDA:47,0,0,0
BRDA:47,0,1,0
BRDA:57,1,0,0
BRDA:57,1,1,0
BRF:4
BRH:0
end_of_record
TN:
SF:models\Events.js
FNF:0
FNH:0
DA:3,1
LF:1
LH:1
BRF:0
BRH:0
end_of_record
TN:
SF:routes\forms.js
FN:18,(anonymous_0)
FN:44,(anonymous_1)
FN:55,(anonymous_2)
FN:68,(anonymous_3)
FNF:4
FNH:4
FNDA:1,(anonymous_0)
FNDA:1,(anonymous_1)
FNDA:1,(anonymous_2)
FNDA:1,(anonymous_3)
DA:9,1
DA:10,1
DA:19,1
DA:21,1
DA:22,0
DA:33,1
DA:35,1
DA:42,1
DA:43,1
DA:44,1
DA:45,1
DA:47,1
DA:48,1
DA:50,0
DA:55,1
DA:56,1
DA:57,1
DA:59,1
DA:61,1
DA:63,0
DA:64,0
DA:68,1
DA:69,1
DA:70,1
DA:73,1
DA:75,0
DA:76,0
LF:27
LH:21
BRDA:21,0,0,0
BRDA:21,0,1,1
BRDA:59,1,0,0
BRDA:59,1,1,1
BRF:4
BRH:2
end_of_record
